2025-05-18 19:57:03.383 [info] [main] Log level: Info
2025-05-18 19:57:03.383 [info] [main] Validating found git in: "git"
2025-05-18 19:57:03.383 [info] [main] Using git "2.49.0" from "git"
2025-05-18 19:57:03.383 [info] [Model][doInitialScan] Initial repository scan started
2025-05-18 19:57:03.383 [info] > git rev-parse --show-toplevel [6ms]
2025-05-18 19:57:03.383 [info] > git rev-parse --git-dir --git-common-dir [1ms]
2025-05-18 19:57:03.383 [info] [Model][openRepository] Opened repository (path): /home/kira/Hopium
2025-05-18 19:57:03.383 [info] [Model][openRepository] Opened repository (real path): /home/kira/Hopium
2025-05-18 19:57:03.390 [info] > git config --get commit.template [2ms]
2025-05-18 19:57:03.424 [info] > git for-each-ref --format=%(refname)%00%(upstream:short)%00%(objectname)%00%(upstream:track)%00%(upstream:remotename)%00%(upstream:remoteref) refs/heads/receive-dispense refs/remotes/receive-dispense [11ms]
2025-05-18 19:57:03.434 [info] > git status -z -uall [6ms]
2025-05-18 19:57:03.441 [info] > git for-each-ref --sort -committerdate --format %(refname)%00%(objectname)%00%(*objectname) [9ms]
2025-05-18 19:57:03.464 [info] > git for-each-ref --format=%(refname)%00%(upstream:short)%00%(objectname)%00%(upstream:track)%00%(upstream:remotename)%00%(upstream:remoteref) refs/heads/receive-dispense refs/remotes/receive-dispense [6ms]
2025-05-18 19:57:03.468 [info] > git rev-parse --show-toplevel [30ms]
2025-05-18 19:57:03.474 [info] > git config --get --local branch.receive-dispense.vscode-merge-base [6ms]
2025-05-18 19:57:03.475 [warning] [Git][config] git config failed: Failed to execute git
2025-05-18 19:57:03.479 [info] > git config --get commit.template [15ms]
2025-05-18 19:57:03.482 [info] > git reflog receive-dispense --grep-reflog=branch: Created from *. [4ms]
2025-05-18 19:57:03.486 [info] > git rev-parse --show-toplevel [12ms]
2025-05-18 19:57:03.514 [info] > git for-each-ref --format=%(refname)%00%(upstream:short)%00%(objectname)%00%(upstream:track)%00%(upstream:remotename)%00%(upstream:remoteref) refs/heads/main refs/remotes/main [28ms]
2025-05-18 19:57:03.520 [info] > git for-each-ref --format=%(refname)%00%(upstream:short)%00%(objectname)%00%(upstream:track)%00%(upstream:remotename)%00%(upstream:remoteref) refs/remotes/origin/main [2ms]
2025-05-18 19:57:03.524 [info] > git rev-parse --show-toplevel [11ms]
2025-05-18 19:57:03.524 [info] > git for-each-ref --format=%(refname)%00%(upstream:short)%00%(objectname)%00%(upstream:track)%00%(upstream:remotename)%00%(upstream:remoteref) refs/heads/receive-dispense refs/remotes/receive-dispense [14ms]
2025-05-18 19:57:03.536 [info] > git status -z -uall [7ms]
2025-05-18 19:57:03.536 [info] > git config --add --local branch.receive-dispense.vscode-merge-base origin/main [12ms]
2025-05-18 19:57:03.536 [info] > git for-each-ref --sort -committerdate --format %(refname)%00%(objectname)%00%(*objectname) [5ms] (cancelled)
2025-05-18 19:57:03.547 [info] > git for-each-ref --format=%(refname)%00%(upstream:short)%00%(objectname)%00%(upstream:track)%00%(upstream:remotename)%00%(upstream:remoteref) refs/heads/receive-dispense refs/remotes/receive-dispense [7ms]
2025-05-18 19:57:03.551 [info] > git rev-parse --show-toplevel [16ms]
2025-05-18 19:57:03.555 [info] > git config --get commit.template [9ms]
2025-05-18 19:57:03.556 [info] > git config --get --local branch.receive-dispense.vscode-merge-base [5ms]
2025-05-18 19:57:03.560 [info] > git rev-parse --show-toplevel [5ms]
2025-05-18 19:57:03.569 [info] > git for-each-ref --format=%(refname)%00%(upstream:short)%00%(objectname)%00%(upstream:track)%00%(upstream:remotename)%00%(upstream:remoteref) refs/heads/receive-dispense refs/remotes/receive-dispense [5ms]
2025-05-18 19:57:03.577 [info] > git for-each-ref --format=%(refname)%00%(upstream:short)%00%(objectname)%00%(upstream:track)%00%(upstream:remotename)%00%(upstream:remoteref) refs/heads/origin/main refs/remotes/origin/main [17ms]
2025-05-18 19:57:03.579 [info] > git status -z -uall [6ms]
2025-05-18 19:57:03.579 [info] > git rev-parse --show-toplevel [11ms]
2025-05-18 19:57:03.584 [info] > git for-each-ref --sort -committerdate --format %(refname)%00%(objectname)%00%(*objectname) [7ms]
2025-05-18 19:57:03.586 [info] > git rev-parse --show-toplevel [3ms]
2025-05-18 19:57:03.592 [info] > git rev-parse --show-toplevel [1ms]
2025-05-18 19:57:03.597 [info] > git rev-parse --show-toplevel [1ms]
2025-05-18 19:57:03.601 [info] > git rev-parse --show-toplevel [1ms]
2025-05-18 19:57:03.601 [info] [Model][doInitialScan] Initial repository scan completed - repositories (1), closed repositories (0), parent repositories (0), unsafe repositories (0)
2025-05-18 19:57:03.913 [info] > git check-ignore -v -z --stdin [5ms]
