2025-05-17 16:05:37.629 [info] [main] Log level: Info
2025-05-17 16:05:37.629 [info] [main] Validating found git in: "git"
2025-05-17 16:05:37.629 [info] [main] Using git "2.49.0" from "git"
2025-05-17 16:05:37.629 [info] [Model][doInitialScan] Initial repository scan started
2025-05-17 16:05:37.629 [info] > git rev-parse --show-toplevel [28ms]
2025-05-17 16:05:37.629 [info] > git rev-parse --git-dir --git-common-dir [2ms]
2025-05-17 16:05:37.629 [info] [Model][openRepository] Opened repository (path): /home/kira/Hopium
2025-05-17 16:05:37.629 [info] [Model][openRepository] Opened repository (real path): /home/kira/Hopium
2025-05-17 16:05:37.640 [info] > git rev-parse --show-toplevel [2ms]
2025-05-17 16:05:37.641 [info] > git config --get commit.template [6ms]
2025-05-17 16:05:37.647 [info] > git for-each-ref --format=%(refname)%00%(upstream:short)%00%(objectname)%00%(upstream:track)%00%(upstream:remotename)%00%(upstream:remoteref) refs/heads/box-interaction refs/remotes/box-interaction [1ms]
2025-05-17 16:05:37.660 [info] > git status -z -uall [8ms]
2025-05-17 16:05:37.661 [info] > git rev-parse --show-toplevel [2ms]
2025-05-17 16:05:37.661 [info] > git for-each-ref --sort -committerdate --format %(refname)%00%(objectname)%00%(*objectname) [5ms]
2025-05-17 16:05:37.689 [info] > git for-each-ref --format=%(refname)%00%(upstream:short)%00%(objectname)%00%(upstream:track)%00%(upstream:remotename)%00%(upstream:remoteref) refs/heads/box-interaction refs/remotes/box-interaction [11ms]
2025-05-17 16:05:37.696 [info] > git config --get --local branch.box-interaction.vscode-merge-base [3ms]
2025-05-17 16:05:37.696 [warning] [Git][config] git config failed: Failed to execute git
2025-05-17 16:05:37.700 [info] > git config --get commit.template [12ms]
2025-05-17 16:05:37.700 [info] > git rev-parse --show-toplevel [17ms]
2025-05-17 16:05:37.726 [info] > git rev-parse --show-toplevel [23ms]
2025-05-17 16:05:37.727 [info] > git reflog box-interaction --grep-reflog=branch: Created from *. [27ms]
2025-05-17 16:05:37.738 [info] > git for-each-ref --format=%(refname)%00%(upstream:short)%00%(objectname)%00%(upstream:track)%00%(upstream:remotename)%00%(upstream:remoteref) refs/heads/main refs/remotes/main [8ms]
2025-05-17 16:05:37.742 [info] > git for-each-ref --format=%(refname)%00%(upstream:short)%00%(objectname)%00%(upstream:track)%00%(upstream:remotename)%00%(upstream:remoteref) refs/heads/box-interaction refs/remotes/box-interaction [16ms]
2025-05-17 16:05:37.750 [info] > git status -z -uall [5ms]
2025-05-17 16:05:37.751 [info] > git for-each-ref --format=%(refname)%00%(upstream:short)%00%(objectname)%00%(upstream:track)%00%(upstream:remotename)%00%(upstream:remoteref) refs/remotes/origin/main [9ms]
2025-05-17 16:05:37.754 [info] > git rev-parse --show-toplevel [16ms]
2025-05-17 16:05:37.760 [info] > git config --add --local branch.box-interaction.vscode-merge-base origin/main [6ms]
2025-05-17 16:05:37.760 [info] > git for-each-ref --sort -committerdate --format %(refname)%00%(objectname)%00%(*objectname) [11ms] (cancelled)
2025-05-17 16:05:37.769 [info] > git for-each-ref --format=%(refname)%00%(upstream:short)%00%(objectname)%00%(upstream:track)%00%(upstream:remotename)%00%(upstream:remoteref) refs/heads/box-interaction refs/remotes/box-interaction [5ms]
2025-05-17 16:05:37.774 [info] > git rev-parse --show-toplevel [15ms]
2025-05-17 16:05:37.779 [info] > git config --get --local branch.box-interaction.vscode-merge-base [6ms]
2025-05-17 16:05:37.783 [info] > git config --get commit.template [13ms]
2025-05-17 16:05:37.783 [info] > git rev-parse --show-toplevel [5ms]
2025-05-17 16:05:37.790 [info] > git for-each-ref --format=%(refname)%00%(upstream:short)%00%(objectname)%00%(upstream:track)%00%(upstream:remotename)%00%(upstream:remoteref) refs/heads/origin/main refs/remotes/origin/main [8ms]
2025-05-17 16:05:37.792 [info] > git rev-parse --show-toplevel [2ms]
2025-05-17 16:05:37.792 [info] > git for-each-ref --format=%(refname)%00%(upstream:short)%00%(objectname)%00%(upstream:track)%00%(upstream:remotename)%00%(upstream:remoteref) refs/heads/box-interaction refs/remotes/box-interaction [5ms]
2025-05-17 16:05:37.804 [info] > git status -z -uall [9ms]
2025-05-17 16:05:37.805 [info] > git rev-parse --show-toplevel [1ms]
2025-05-17 16:05:37.805 [info] > git for-each-ref --sort -committerdate --format %(refname)%00%(objectname)%00%(*objectname) [6ms]
2025-05-17 16:05:37.812 [info] > git rev-parse --show-toplevel [1ms]
2025-05-17 16:05:37.817 [info] > git rev-parse --show-toplevel [1ms]
2025-05-17 16:05:37.817 [info] [Model][doInitialScan] Initial repository scan completed - repositories (1), closed repositories (0), parent repositories (0), unsafe repositories (0)
2025-05-17 16:05:37.944 [info] > git show --textconv :Assets/Behaviour/Player/FirstPersonController.cs [4ms]
2025-05-17 16:05:37.945 [info] > git ls-files --stage -- Assets/Behaviour/Player/FirstPersonController.cs [1ms]
2025-05-17 16:05:37.949 [info] > git cat-file -s c1cd5d84c0c166ca2c5b18867a8a5b974741a130 [1ms]
2025-05-17 16:05:37.968 [info] > git blame --root --incremental 0c8a1360f072ec0e215d7b4b055a9b361e495f0c -- Assets/Behaviour/Player/FirstPersonController.cs [3ms]
2025-05-17 16:05:38.146 [info] > git check-ignore -v -z --stdin [1ms]
