2025-05-16 21:25:28.418 [info] [main] Log level: Info
2025-05-16 21:25:28.418 [info] [main] Validating found git in: "git"
2025-05-16 21:25:28.418 [info] [main] Using git "2.49.0" from "git"
2025-05-16 21:25:28.418 [info] [Model][doInitialScan] Initial repository scan started
2025-05-16 21:25:28.418 [info] > git rev-parse --show-toplevel [4ms]
2025-05-16 21:25:28.418 [info] > git rev-parse --git-dir --git-common-dir [4ms]
2025-05-16 21:25:28.418 [info] [Model][openRepository] Opened repository (path): /home/kira/Hopium
2025-05-16 21:25:28.418 [info] [Model][openRepository] Opened repository (real path): /home/kira/Hopium
2025-05-16 21:25:28.429 [info] > git rev-parse --show-toplevel [2ms]
2025-05-16 21:25:28.429 [info] > git config --get commit.template [6ms]
2025-05-16 21:25:28.437 [info] > git for-each-ref --format=%(refname)%00%(upstream:short)%00%(objectname)%00%(upstream:track)%00%(upstream:remotename)%00%(upstream:remoteref) refs/heads/first-person-controller refs/remotes/first-person-controller [2ms]
2025-05-16 21:25:28.465 [info] > git status -z -uall [19ms]
2025-05-16 21:25:28.465 [info] > git for-each-ref --sort -committerdate --format %(refname)%00%(objectname)%00%(*objectname) [12ms]
2025-05-16 21:25:28.494 [info] > git for-each-ref --format=%(refname)%00%(upstream:short)%00%(objectname)%00%(upstream:track)%00%(upstream:remotename)%00%(upstream:remoteref) refs/heads/first-person-controller refs/remotes/first-person-controller [8ms]
2025-05-16 21:25:28.503 [info] > git rev-parse --show-toplevel [39ms]
2025-05-16 21:25:28.510 [info] > git config --get --local branch.first-person-controller.vscode-merge-base [7ms]
2025-05-16 21:25:28.510 [warning] [Git][config] git config failed: Failed to execute git
2025-05-16 21:25:28.515 [info] > git config --get commit.template [22ms]
2025-05-16 21:25:28.520 [info] > git reflog first-person-controller --grep-reflog=branch: Created from *. [5ms]
2025-05-16 21:25:28.525 [info] > git rev-parse --show-toplevel [16ms]
2025-05-16 21:25:28.557 [info] > git rev-parse --show-toplevel [23ms]
2025-05-16 21:25:28.557 [info] > git for-each-ref --format=%(refname)%00%(upstream:short)%00%(objectname)%00%(upstream:track)%00%(upstream:remotename)%00%(upstream:remoteref) refs/heads/first-person-controller refs/remotes/first-person-controller [26ms]
2025-05-16 21:25:28.566 [info] > git for-each-ref --format=%(refname)%00%(upstream:short)%00%(objectname)%00%(upstream:track)%00%(upstream:remotename)%00%(upstream:remoteref) refs/heads/main refs/remotes/main [41ms]
2025-05-16 21:25:28.577 [info] > git status -z -uall [16ms]
2025-05-16 21:25:28.577 [info] > git for-each-ref --format=%(refname)%00%(upstream:short)%00%(objectname)%00%(upstream:track)%00%(upstream:remotename)%00%(upstream:remoteref) refs/remotes/origin/main [7ms]
2025-05-16 21:25:28.582 [info] > git for-each-ref --sort -committerdate --format %(refname)%00%(objectname)%00%(*objectname) [17ms]
2025-05-16 21:25:28.590 [info] > git for-each-ref --format=%(refname)%00%(upstream:short)%00%(objectname)%00%(upstream:track)%00%(upstream:remotename)%00%(upstream:remoteref) refs/heads/first-person-controller refs/remotes/first-person-controller [2ms]
2025-05-16 21:25:28.594 [info] > git config --add --local branch.first-person-controller.vscode-merge-base origin/main [13ms]
2025-05-16 21:25:28.595 [info] > git rev-parse --show-toplevel [19ms]
2025-05-16 21:25:28.606 [info] > git config --get --local branch.first-person-controller.vscode-merge-base [12ms]
2025-05-16 21:25:28.611 [info] > git rev-parse --show-toplevel [6ms]
2025-05-16 21:25:28.612 [info] > git config --get commit.template [11ms]
2025-05-16 21:25:28.617 [info] > git for-each-ref --format=%(refname)%00%(upstream:short)%00%(objectname)%00%(upstream:track)%00%(upstream:remotename)%00%(upstream:remoteref) refs/heads/origin/main refs/remotes/origin/main [7ms]
2025-05-16 21:25:28.623 [info] > git rev-parse --show-toplevel [6ms]
2025-05-16 21:25:28.629 [info] > git for-each-ref --format=%(refname)%00%(upstream:short)%00%(objectname)%00%(upstream:track)%00%(upstream:remotename)%00%(upstream:remoteref) refs/heads/first-person-controller refs/remotes/first-person-controller [6ms]
2025-05-16 21:25:28.639 [info] > git status -z -uall [5ms]
2025-05-16 21:25:28.639 [info] > git rev-parse --show-toplevel [11ms]
2025-05-16 21:25:28.644 [info] > git for-each-ref --sort -committerdate --format %(refname)%00%(objectname)%00%(*objectname) [6ms]
2025-05-16 21:25:28.646 [info] > git rev-parse --show-toplevel [3ms]
2025-05-16 21:25:28.653 [info] > git rev-parse --show-toplevel [2ms]
2025-05-16 21:25:28.659 [info] > git rev-parse --show-toplevel [1ms]
2025-05-16 21:25:28.659 [info] [Model][doInitialScan] Initial repository scan completed - repositories (1), closed repositories (0), parent repositories (0), unsafe repositories (0)
2025-05-16 21:25:28.967 [info] > git check-ignore -v -z --stdin [3ms]
2025-05-16 21:25:29.680 [info] > git config --get commit.template [9ms]
2025-05-16 21:25:29.681 [info] > git for-each-ref --format=%(refname)%00%(upstream:short)%00%(objectname)%00%(upstream:track)%00%(upstream:remotename)%00%(upstream:remoteref) refs/heads/first-person-controller refs/remotes/first-person-controller [2ms]
2025-05-16 21:25:29.700 [info] > git status -z -uall [8ms]
2025-05-16 21:25:29.701 [info] > git for-each-ref --sort -committerdate --format %(refname)%00%(objectname)%00%(*objectname) [2ms]
