2025-05-19 19:54:04.768 [info] [main] Log level: Info
2025-05-19 19:54:04.768 [info] [main] Validating found git in: "git"
2025-05-19 19:54:04.768 [info] [main] Using git "2.49.0" from "git"
2025-05-19 19:54:04.768 [info] [Model][doInitialScan] Initial repository scan started
2025-05-19 19:54:04.768 [info] > git rev-parse --show-toplevel [10ms]
2025-05-19 19:54:04.768 [info] > git rev-parse --git-dir --git-common-dir [31ms]
2025-05-19 19:54:04.768 [info] [Model][openRepository] Opened repository (path): /home/kira/Hopium
2025-05-19 19:54:04.768 [info] [Model][openRepository] Opened repository (real path): /home/kira/Hopium
2025-05-19 19:54:04.782 [info] > git rev-parse --show-toplevel [3ms]
2025-05-19 19:54:04.783 [info] > git config --get commit.template [8ms]
2025-05-19 19:54:04.814 [info] > git for-each-ref --format=%(refname)%00%(upstream:short)%00%(objectname)%00%(upstream:track)%00%(upstream:remotename)%00%(upstream:remoteref) refs/heads/main refs/remotes/main [3ms]
2025-05-19 19:54:04.832 [info] > git status -z -uall [8ms]
2025-05-19 19:54:04.833 [info] > git rev-parse --show-toplevel [14ms]
2025-05-19 19:54:04.839 [info] > git for-each-ref --sort -committerdate --format %(refname)%00%(objectname)%00%(*objectname) [9ms]
2025-05-19 19:54:04.895 [info] > git for-each-ref --format=%(refname)%00%(upstream:short)%00%(objectname)%00%(upstream:track)%00%(upstream:remotename)%00%(upstream:remoteref) refs/heads/main refs/remotes/main [28ms]
2025-05-19 19:54:04.900 [info] > git rev-parse --show-toplevel [61ms]
2025-05-19 19:54:04.909 [info] > git config --get --local branch.main.vscode-merge-base [8ms]
2025-05-19 19:54:04.909 [warning] [Git][config] git config failed: Failed to execute git
2025-05-19 19:54:04.913 [info] > git config --get commit.template [19ms]
2025-05-19 19:54:04.914 [info] > git rev-parse --show-toplevel [6ms]
2025-05-19 19:54:04.955 [info] > git reflog main --grep-reflog=branch: Created from *. [42ms]
2025-05-19 19:54:04.964 [info] > git symbolic-ref --short refs/remotes/origin/HEAD [3ms]
2025-05-19 19:54:04.969 [info] > git rev-parse --show-toplevel [14ms]
2025-05-19 19:54:04.969 [info] > git for-each-ref --format=%(refname)%00%(upstream:short)%00%(objectname)%00%(upstream:track)%00%(upstream:remotename)%00%(upstream:remoteref) refs/heads/main refs/remotes/main [19ms]
2025-05-19 19:54:04.975 [info] > git for-each-ref --format=%(refname)%00%(upstream:short)%00%(objectname)%00%(upstream:track)%00%(upstream:remotename)%00%(upstream:remoteref) refs/heads/origin/main refs/remotes/origin/main [6ms]
2025-05-19 19:54:04.981 [info] > git rev-parse --show-toplevel [7ms]
2025-05-19 19:54:04.998 [info] > git status -z -uall [7ms]
2025-05-19 19:54:04.998 [info] > git config --add --local branch.main.vscode-merge-base origin/main [18ms]
2025-05-19 19:54:04.998 [info] > git for-each-ref --sort -committerdate --format %(refname)%00%(objectname)%00%(*objectname) [1ms] (cancelled)
2025-05-19 19:54:05.021 [info] > git for-each-ref --format=%(refname)%00%(upstream:short)%00%(objectname)%00%(upstream:track)%00%(upstream:remotename)%00%(upstream:remoteref) refs/heads/main refs/remotes/main [17ms]
2025-05-19 19:54:05.026 [info] > git rev-parse --show-toplevel [40ms]
2025-05-19 19:54:05.032 [info] > git config --get commit.template [22ms]
2025-05-19 19:54:05.036 [info] > git rev-parse --show-toplevel [5ms]
2025-05-19 19:54:05.036 [info] > git config --get --local branch.main.vscode-merge-base [10ms]
2025-05-19 19:54:05.053 [info] > git rev-parse --show-toplevel [2ms]
2025-05-19 19:54:05.053 [info] > git for-each-ref --format=%(refname)%00%(upstream:short)%00%(objectname)%00%(upstream:track)%00%(upstream:remotename)%00%(upstream:remoteref) refs/heads/main refs/remotes/main [7ms]
2025-05-19 19:54:05.053 [info] > git for-each-ref --format=%(refname)%00%(upstream:short)%00%(objectname)%00%(upstream:track)%00%(upstream:remotename)%00%(upstream:remoteref) refs/heads/origin/main refs/remotes/origin/main [12ms]
2025-05-19 19:54:05.065 [info] > git merge-base refs/heads/main refs/remotes/origin/main [6ms]
2025-05-19 19:54:05.072 [info] > git rev-parse --show-toplevel [8ms]
2025-05-19 19:54:05.088 [info] > git status -z -uall [10ms]
2025-05-19 19:54:05.088 [info] > git diff --name-status -z --diff-filter=ADMR 2226427b377da1f43a11e51eafa3ee5e4982885c...refs/remotes/origin/main [17ms]
2025-05-19 19:54:05.089 [info] > git rev-parse --show-toplevel [2ms]
2025-05-19 19:54:05.089 [info] [Model][doInitialScan] Initial repository scan completed - repositories (1), closed repositories (0), parent repositories (0), unsafe repositories (0)
2025-05-19 19:54:05.089 [info] > git for-each-ref --sort -committerdate --format %(refname)%00%(objectname)%00%(*objectname) [6ms]
2025-05-19 19:54:05.110 [info] > git show --textconv :Assets/Behaviour/CyclesManager.cs [6ms]
2025-05-19 19:54:05.110 [info] > git ls-files --stage -- Assets/Behaviour/CyclesManager.cs [2ms]
2025-05-19 19:54:05.115 [info] > git cat-file -s 95c56fcc29c79941ba271d6b564485e492c1e0ad [2ms]
2025-05-19 19:54:05.144 [info] > git blame --root --incremental 2226427b377da1f43a11e51eafa3ee5e4982885c -- Assets/Behaviour/CyclesManager.cs [8ms]
2025-05-19 19:54:05.319 [info] > git check-ignore -v -z --stdin [1ms]
2025-05-19 19:54:10.857 [info] > git config --get commit.template [5ms]
2025-05-19 19:54:10.858 [info] > git for-each-ref --format=%(refname)%00%(upstream:short)%00%(objectname)%00%(upstream:track)%00%(upstream:remotename)%00%(upstream:remoteref) refs/heads/main refs/remotes/main [1ms]
2025-05-19 19:54:10.871 [info] > git status -z -uall [6ms]
2025-05-19 19:54:10.873 [info] > git for-each-ref --sort -committerdate --format %(refname)%00%(objectname)%00%(*objectname) [2ms]
2025-05-19 19:54:14.428 [info] > git check-ignore -v -z --stdin [1ms]
2025-05-19 19:54:18.722 [info] > git check-ignore -v -z --stdin [5ms]
2025-05-19 19:54:19.827 [info] > git show --textconv :Packages/manifest.json [19ms]
2025-05-19 19:54:19.831 [info] > git ls-files --stage -- Packages/manifest.json [6ms]
2025-05-19 19:54:19.851 [info] > git cat-file -s 55747a5cead989c406a8a28844153990829da1e7 [5ms]
2025-05-19 19:54:20.400 [info] > git show --textconv :Packages/packages-lock.json [12ms]
2025-05-19 19:54:20.407 [info] > git ls-files --stage -- Packages/packages-lock.json [8ms]
2025-05-19 19:54:20.413 [info] > git hash-object -t tree /dev/null [7ms]
2025-05-19 19:54:20.413 [warning] [GitFileSystemProvider][readFile] File not found - git:/home/kira/Hopium/Packages/packages-lock.json.git?%7B%22path%22%3A%22%2Fhome%2Fkira%2FHopium%2FPackages%2Fpackages-lock.json%22%2C%22ref%22%3A%22%22%7D
2025-05-19 19:54:20.415 [info] > git hash-object -t tree /dev/null [3ms]
2025-05-19 19:54:20.415 [warning] [GitFileSystemProvider][stat] File not found - git:/home/kira/Hopium/Packages/packages-lock.json.git?%7B%22path%22%3A%22%2Fhome%2Fkira%2FHopium%2FPackages%2Fpackages-lock.json%22%2C%22ref%22%3A%22%22%7D
2025-05-19 19:54:23.803 [info] > git blame --root --incremental 2226427b377da1f43a11e51eafa3ee5e4982885c -- Packages/packages-lock.json [2ms]
2025-05-19 19:54:23.803 [info] fatal: no such path Packages/packages-lock.json in 2226427b377da1f43a11e51eafa3ee5e4982885c
