2025-05-22 18:59:16.330 [info] [main] Log level: Info
2025-05-22 18:59:16.330 [info] [main] Validating found git in: "git"
2025-05-22 18:59:16.330 [info] [main] Using git "2.49.0" from "git"
2025-05-22 18:59:16.330 [info] [Model][doInitialScan] Initial repository scan started
2025-05-22 18:59:16.330 [info] > git rev-parse --show-toplevel [9ms]
2025-05-22 18:59:16.330 [info] > git rev-parse --git-dir --git-common-dir [2ms]
2025-05-22 18:59:16.330 [info] [Model][openRepository] Opened repository (path): /home/kira/Hopium
2025-05-22 18:59:16.330 [info] [Model][openRepository] Opened repository (real path): /home/kira/Hopium
2025-05-22 18:59:16.366 [info] > git rev-parse --show-toplevel [27ms]
2025-05-22 18:59:16.367 [info] > git config --get commit.template [32ms]
2025-05-22 18:59:16.379 [info] > git for-each-ref --format=%(refname)%00%(upstream:short)%00%(objectname)%00%(upstream:track)%00%(upstream:remotename)%00%(upstream:remoteref) refs/heads/box-arrival refs/remotes/box-arrival [1ms]
2025-05-22 18:59:16.390 [info] > git status -z -uall [6ms]
2025-05-22 18:59:16.395 [info] > git for-each-ref --sort -committerdate --format %(refname)%00%(objectname)%00%(*objectname) [7ms]
2025-05-22 18:59:16.419 [info] > git for-each-ref --format=%(refname)%00%(upstream:short)%00%(objectname)%00%(upstream:track)%00%(upstream:remotename)%00%(upstream:remoteref) refs/heads/box-arrival refs/remotes/box-arrival [6ms]
2025-05-22 18:59:16.423 [info] > git rev-parse --show-toplevel [28ms]
2025-05-22 18:59:16.564 [info] > git config --get --local branch.box-arrival.vscode-merge-base [141ms]
2025-05-22 18:59:16.570 [info] > git config --get commit.template [151ms]
2025-05-22 18:59:16.586 [info] > git for-each-ref --format=%(refname)%00%(upstream:short)%00%(objectname)%00%(upstream:track)%00%(upstream:remotename)%00%(upstream:remoteref) refs/heads/origin/main refs/remotes/origin/main [17ms]
2025-05-22 18:59:16.587 [info] > git rev-parse --show-toplevel [24ms]
2025-05-22 18:59:16.621 [info] > git rev-parse --show-toplevel [3ms]
2025-05-22 18:59:16.622 [info] > git for-each-ref --format=%(refname)%00%(upstream:short)%00%(objectname)%00%(upstream:track)%00%(upstream:remotename)%00%(upstream:remoteref) refs/heads/box-arrival refs/remotes/box-arrival [8ms]
2025-05-22 18:59:16.645 [info] > git status -z -uall [20ms]
2025-05-22 18:59:16.656 [info] > git rev-parse --show-toplevel [11ms]
2025-05-22 18:59:16.656 [info] > git for-each-ref --sort -committerdate --format %(refname)%00%(objectname)%00%(*objectname) [26ms]
2025-05-22 18:59:16.671 [info] > git rev-parse --show-toplevel [7ms]
2025-05-22 18:59:16.677 [info] > git rev-parse --show-toplevel [1ms]
2025-05-22 18:59:16.683 [info] > git rev-parse --show-toplevel [1ms]
2025-05-22 18:59:16.688 [info] > git rev-parse --show-toplevel [1ms]
2025-05-22 18:59:16.693 [info] > git rev-parse --show-toplevel [1ms]
2025-05-22 18:59:16.699 [info] > git rev-parse --show-toplevel [1ms]
2025-05-22 18:59:16.699 [info] [Model][doInitialScan] Initial repository scan completed - repositories (1), closed repositories (0), parent repositories (0), unsafe repositories (0)
2025-05-22 18:59:16.710 [info] > git show --textconv :Assets/Behaviour/CyclesManager.cs [5ms]
2025-05-22 18:59:16.711 [info] > git ls-files --stage -- Assets/Behaviour/CyclesManager.cs [2ms]
2025-05-22 18:59:16.716 [info] > git cat-file -s 25f5bf32cdbefcbc3ed09f70e330ab525d8d05e5 [1ms]
2025-05-22 18:59:16.753 [info] > git blame --root --incremental d568267e0fce8f17fa7f9dec1d1c25152daa8a76 -- Assets/Behaviour/CyclesManager.cs [3ms]
2025-05-22 18:59:16.871 [info] > git check-ignore -v -z --stdin [2ms]
