2025-05-19 22:24:02.587 [info] [main] Log level: Info
2025-05-19 22:24:02.587 [info] [main] Validating found git in: "git"
2025-05-19 22:24:02.587 [info] [main] Using git "2.49.0" from "git"
2025-05-19 22:24:02.587 [info] [Model][doInitialScan] Initial repository scan started
2025-05-19 22:24:02.587 [info] > git rev-parse --show-toplevel [8ms]
2025-05-19 22:24:02.587 [info] > git rev-parse --git-dir --git-common-dir [2ms]
2025-05-19 22:24:02.587 [info] [Model][openRepository] Opened repository (path): /home/kira/Hopium
2025-05-19 22:24:02.587 [info] [Model][openRepository] Opened repository (real path): /home/kira/Hopium
2025-05-19 22:24:02.595 [info] > git config --get commit.template [2ms]
2025-05-19 22:24:02.639 [info] > git for-each-ref --format=%(refname)%00%(upstream:short)%00%(objectname)%00%(upstream:track)%00%(upstream:remotename)%00%(upstream:remoteref) refs/heads/box-arrival refs/remotes/box-arrival [2ms]
2025-05-19 22:24:02.652 [info] > git status -z -uall [7ms]
2025-05-19 22:24:02.658 [info] > git for-each-ref --sort -committerdate --format %(refname)%00%(objectname)%00%(*objectname) [7ms]
2025-05-19 22:24:02.702 [info] > git for-each-ref --format=%(refname)%00%(upstream:short)%00%(objectname)%00%(upstream:track)%00%(upstream:remotename)%00%(upstream:remoteref) refs/heads/box-arrival refs/remotes/box-arrival [26ms]
2025-05-19 22:24:02.707 [info] > git rev-parse --show-toplevel [50ms]
2025-05-19 22:24:02.714 [info] > git config --get --local branch.box-arrival.vscode-merge-base [7ms]
2025-05-19 22:24:02.714 [warning] [Git][config] git config failed: Failed to execute git
2025-05-19 22:24:02.719 [info] > git config --get commit.template [18ms]
2025-05-19 22:24:02.720 [info] > git rev-parse --show-toplevel [7ms]
2025-05-19 22:24:02.748 [info] > git reflog box-arrival --grep-reflog=branch: Created from *. [29ms]
2025-05-19 22:24:02.754 [info] > git for-each-ref --format=%(refname)%00%(upstream:short)%00%(objectname)%00%(upstream:track)%00%(upstream:remotename)%00%(upstream:remoteref) refs/heads/main refs/remotes/main [2ms]
2025-05-19 22:24:02.759 [info] > git rev-parse --show-toplevel [11ms]
2025-05-19 22:24:02.759 [info] > git for-each-ref --format=%(refname)%00%(upstream:short)%00%(objectname)%00%(upstream:track)%00%(upstream:remotename)%00%(upstream:remoteref) refs/heads/box-arrival refs/remotes/box-arrival [15ms]
2025-05-19 22:24:02.772 [info] > git status -z -uall [9ms]
2025-05-19 22:24:02.773 [info] > git for-each-ref --format=%(refname)%00%(upstream:short)%00%(objectname)%00%(upstream:track)%00%(upstream:remotename)%00%(upstream:remoteref) refs/remotes/origin/main [14ms]
2025-05-19 22:24:02.778 [info] > git rev-parse --show-toplevel [6ms]
2025-05-19 22:24:02.779 [info] > git for-each-ref --sort -committerdate --format %(refname)%00%(objectname)%00%(*objectname) [11ms]
2025-05-19 22:24:02.790 [info] > git for-each-ref --format=%(refname)%00%(upstream:short)%00%(objectname)%00%(upstream:track)%00%(upstream:remotename)%00%(upstream:remoteref) refs/heads/box-arrival refs/remotes/box-arrival [5ms]
2025-05-19 22:24:02.795 [info] > git config --add --local branch.box-arrival.vscode-merge-base origin/main [18ms]
2025-05-19 22:24:02.801 [info] > git config --get --local branch.box-arrival.vscode-merge-base [7ms]
2025-05-19 22:24:02.805 [info] > git rev-parse --show-toplevel [15ms]
2025-05-19 22:24:02.812 [info] > git config --get commit.template [12ms]
2025-05-19 22:24:02.813 [info] > git rev-parse --show-toplevel [2ms]
2025-05-19 22:24:02.813 [info] > git for-each-ref --format=%(refname)%00%(upstream:short)%00%(objectname)%00%(upstream:track)%00%(upstream:remotename)%00%(upstream:remoteref) refs/heads/origin/main refs/remotes/origin/main [8ms]
2025-05-19 22:24:02.824 [info] > git for-each-ref --format=%(refname)%00%(upstream:short)%00%(objectname)%00%(upstream:track)%00%(upstream:remotename)%00%(upstream:remoteref) refs/heads/box-arrival refs/remotes/box-arrival [5ms]
2025-05-19 22:24:02.833 [info] > git status -z -uall [5ms]
2025-05-19 22:24:02.834 [info] > git rev-parse --show-toplevel [11ms]
2025-05-19 22:24:02.838 [info] > git for-each-ref --sort -committerdate --format %(refname)%00%(objectname)%00%(*objectname) [5ms]
2025-05-19 22:24:02.841 [info] > git rev-parse --show-toplevel [3ms]
2025-05-19 22:24:02.846 [info] > git rev-parse --show-toplevel [1ms]
2025-05-19 22:24:02.852 [info] > git rev-parse --show-toplevel [1ms]
2025-05-19 22:24:02.852 [info] [Model][doInitialScan] Initial repository scan completed - repositories (1), closed repositories (0), parent repositories (0), unsafe repositories (0)
2025-05-19 22:24:03.279 [info] > git check-ignore -v -z --stdin [28ms]
